Using pre-set license
Built from '2020.3/staging' branch; Version is '2020.3.4f1 (0abb6314276a) revision 703331'; Using compiler version '192528614'; Build Type 'Release'
OS: 'Windows 10 Home; OS build 19041.1052; Version 2004; 64bit' Language: 'en' Physical Memory: 16299 MB
BatchMode: 1, IsHumanControllingUs: 0, StartBugReporterOnCrash: 0, Is64bit: 1, IsPro: 0

 COMMAND LINE ARGUMENTS:
C:\Program Files\Unity\2020.3.4f1\Editor\Unity.exe
-adb2
-batchMode
-noUpm
-name
AssetImportWorker0
-projectPath
F:/Documents/UnityProjects/GMTK-Jam-2021
-logFile
Logs/AssetImportWorker0.log
-srvPort
53207
Successfully changed project path to: F:/Documents/UnityProjects/GMTK-Jam-2021
F:/Documents/UnityProjects/GMTK-Jam-2021
Using Asset Import Pipeline V2.
Refreshing native plugins compatible for Editor in 32.13 ms, found 1 plugins.
Preloading 0 native plugins for Editor in 0.00 ms.
Initialize engine version: 2020.3.4f1 (0abb6314276a)
[Subsystems] Discovering subsystems at path C:/Program Files/Unity/2020.3.4f1/Editor/Data/Resources/UnitySubsystems
[Subsystems] Discovering subsystems at path F:/Documents/UnityProjects/GMTK-Jam-2021/Assets
GfxDevice: creating device client; threaded=0
Direct3D:
    Version:  Direct3D 11.0 [level 11.1]
    Renderer: NVIDIA GeForce GTX 960 (ID=0x1401)
    Vendor:   
    VRAM:     4053 MB
    Driver:   27.21.14.6663
Initialize mono
Mono path[0] = 'C:/Program Files/Unity/2020.3.4f1/Editor/Data/Managed'
Mono path[1] = 'C:/Program Files/Unity/2020.3.4f1/Editor/Data/MonoBleedingEdge/lib/mono/unityjit'
Mono config path = 'C:/Program Files/Unity/2020.3.4f1/Editor/Data/MonoBleedingEdge/etc'
Using monoOptions --debugger-agent=transport=dt_socket,embedding=1,server=y,suspend=n,address=127.0.0.1:56504
Begin MonoManager ReloadAssembly
Registering precompiled unity dll's ...
Register platform support module: C:/Program Files/Unity/2020.3.4f1/Editor/Data/PlaybackEngines/WebGLSupport/UnityEditor.WebGL.Extensions.dll
Register platform support module: C:/Program Files/Unity/2020.3.4f1/Editor/Data/PlaybackEngines/WindowsStandaloneSupport/UnityEditor.WindowsStandalone.Extensions.dll
Registered in 0.002175 seconds.
Native extension for WindowsStandalone target not found
Native extension for WebGL target not found
Refreshing native plugins compatible for Editor in 32.24 ms, found 1 plugins.
Preloading 0 native plugins for Editor in 0.00 ms.
Mono: successfully reloaded assembly
- Completed reload, in  1.988 seconds
Platform modules already initialized, skipping
Registering precompiled user dll's ...
Registered in 0.000889 seconds.
Begin MonoManager ReloadAssembly
Native extension for WindowsStandalone target not found
Native extension for WebGL target not found
Refreshing native plugins compatible for Editor in 30.83 ms, found 1 plugins.
Preloading 0 native plugins for Editor in 0.00 ms.
Mono: successfully reloaded assembly
- Completed reload, in  0.866 seconds
Platform modules already initialized, skipping
========================================================================
Worker process is ready to serve import requests
Launched and connected shader compiler UnityShaderCompiler.exe after 0.04 seconds
Refreshing native plugins compatible for Editor in 0.31 ms, found 1 plugins.
Preloading 0 native plugins for Editor in 0.00 ms.
Unloading 1808 Unused Serialized files (Serialized files now loaded: 0)
System memory in use before: 84.8 MB.
System memory in use after: 84.8 MB.

Unloading 24 unused Assets to reduce memory usage. Loaded Objects now: 2250.
Total: 1.933000 ms (FindLiveObjects: 0.163700 ms CreateObjectMapping: 0.070600 ms MarkObjects: 1.588100 ms  DeleteObjects: 0.109700 ms)

========================================================================
Received Import Request.
  path: Assets/_Scenes
  artifactKey: Guid(672eb81f1037b2c4dbea66dcd6448065) Importer(815301076,1909f56bfc062723c751e8b465ee728b)
Start importing Assets/_Scenes using Guid(672eb81f1037b2c4dbea66dcd6448065) Importer(815301076,1909f56bfc062723c751e8b465ee728b)  -> (artifact id: '3f44284005c28f5ba304b681c26a6eff') in 0.010709 seconds
  Import took 0.013766 seconds .

========================================================================
Received Import Request.
  Time since last request: 1.066027 seconds.
  path: Assets
  artifactKey: Guid(00000000000000001000000000000000) Importer(815301076,1909f56bfc062723c751e8b465ee728b)
Start importing Assets using Guid(00000000000000001000000000000000) Importer(815301076,1909f56bfc062723c751e8b465ee728b)  -> (artifact id: '025e4f587c23674256bb898581e82961') in 0.007392 seconds
  Import took 0.024721 seconds .

========================================================================
Received Import Request.
  Time since last request: 95.292653 seconds.
  path: Assets/Scripts/Managers
  artifactKey: Guid(f4acc661e9ea83640893ab008aa17640) Importer(815301076,1909f56bfc062723c751e8b465ee728b)
Start importing Assets/Scripts/Managers using Guid(f4acc661e9ea83640893ab008aa17640) Importer(815301076,1909f56bfc062723c751e8b465ee728b)  -> (artifact id: '32f7ff57c5b78d638d82f0d898218721') in 0.006894 seconds
  Import took 0.010258 seconds .

========================================================================
Received Import Request.
  Time since last request: 2.736465 seconds.
  path: Assets/Scripts/Managers/GameManager.cs
  artifactKey: Guid(30b082781f48e144495f69d73bfa71d3) Importer(815301076,1909f56bfc062723c751e8b465ee728b)
Start importing Assets/Scripts/Managers/GameManager.cs using Guid(30b082781f48e144495f69d73bfa71d3) Importer(815301076,1909f56bfc062723c751e8b465ee728b)  -> (artifact id: '92ab846ae38b4506ce490b2d1616edfc') in 0.038441 seconds
  Import took 0.052659 seconds .

========================================================================
Received Import Request.
  Time since last request: 35.165084 seconds.
  path: Assets/Scripts/Managers/GameManager.cs
  artifactKey: Guid(30b082781f48e144495f69d73bfa71d3) Importer(815301076,1909f56bfc062723c751e8b465ee728b)
Start importing Assets/Scripts/Managers/GameManager.cs using Guid(30b082781f48e144495f69d73bfa71d3) Importer(815301076,1909f56bfc062723c751e8b465ee728b)  -> (artifact id: 'e3fd2cdbfb72c7732d452a41c660ff0b') in 0.002214 seconds
  Import took 0.013071 seconds .

========================================================================
Received Import Request.
  Time since last request: 0.031384 seconds.
  path: Assets/Scripts/Managers/GameManager.cs
  artifactKey: Guid(30b082781f48e144495f69d73bfa71d3) Importer(815301076,1909f56bfc062723c751e8b465ee728b)
Start importing Assets/Scripts/Managers/GameManager.cs using Guid(30b082781f48e144495f69d73bfa71d3) Importer(815301076,1909f56bfc062723c751e8b465ee728b)  -> (artifact id: 'e3fd2cdbfb72c7732d452a41c660ff0b') in 0.002586 seconds
  Import took 0.012808 seconds .

========================================================================
Received Import Request.
  Time since last request: 5.044219 seconds.
  path: Assets/Scripts/Managers/GameManager.cs
  artifactKey: Guid(30b082781f48e144495f69d73bfa71d3) Importer(815301076,1909f56bfc062723c751e8b465ee728b)
Start importing Assets/Scripts/Managers/GameManager.cs using Guid(30b082781f48e144495f69d73bfa71d3) Importer(815301076,1909f56bfc062723c751e8b465ee728b)  -> (artifact id: '71eae08a5a006a3ed90a451a91245690') in 0.003026 seconds
  Import took 0.018666 seconds .

========================================================================
Received Import Request.
  Time since last request: 0.014397 seconds.
  path: Assets/Scripts/Managers/GameManager.cs
  artifactKey: Guid(30b082781f48e144495f69d73bfa71d3) Importer(815301076,1909f56bfc062723c751e8b465ee728b)
Start importing Assets/Scripts/Managers/GameManager.cs using Guid(30b082781f48e144495f69d73bfa71d3) Importer(815301076,1909f56bfc062723c751e8b465ee728b)  -> (artifact id: '71eae08a5a006a3ed90a451a91245690') in 0.003149 seconds
  Import took 0.007535 seconds .

========================================================================
Received Import Request.
  Time since last request: 32.424522 seconds.
  path: Assets/Scripts/Managers/GameManager.cs
  artifactKey: Guid(30b082781f48e144495f69d73bfa71d3) Importer(815301076,1909f56bfc062723c751e8b465ee728b)
Start importing Assets/Scripts/Managers/GameManager.cs using Guid(30b082781f48e144495f69d73bfa71d3) Importer(815301076,1909f56bfc062723c751e8b465ee728b)  -> (artifact id: 'b68883ecb53941ec63969ee77d636b4a') in 0.006661 seconds
  Import took 0.016156 seconds .

========================================================================
Received Prepare
Registering precompiled user dll's ...
Registered in 0.000903 seconds.
Begin MonoManager ReloadAssembly
Native extension for WindowsStandalone target not found
Native extension for WebGL target not found
Refreshing native plugins compatible for Editor in 0.33 ms, found 1 plugins.
Preloading 0 native plugins for Editor in 0.00 ms.
Mono: successfully reloaded assembly
- Completed reload, in  1.114 seconds
Platform modules already initialized, skipping
Refreshing native plugins compatible for Editor in 0.32 ms, found 1 plugins.
Preloading 0 native plugins for Editor in 0.00 ms.
Unloading 1804 Unused Serialized files (Serialized files now loaded: 0)
System memory in use before: 84.8 MB.
System memory in use after: 84.8 MB.

Unloading 12 unused Assets to reduce memory usage. Loaded Objects now: 2255.
Total: 10.775400 ms (FindLiveObjects: 0.317800 ms CreateObjectMapping: 0.123500 ms MarkObjects: 10.231200 ms  DeleteObjects: 0.101600 ms)

========================================================================
Received Prepare
Registering precompiled user dll's ...
Registered in 0.001305 seconds.
Begin MonoManager ReloadAssembly
Native extension for WindowsStandalone target not found
Native extension for WebGL target not found
Refreshing native plugins compatible for Editor in 0.33 ms, found 1 plugins.
Preloading 0 native plugins for Editor in 0.00 ms.
Mono: successfully reloaded assembly
- Completed reload, in  0.770 seconds
Platform modules already initialized, skipping
Refreshing native plugins compatible for Editor in 0.32 ms, found 1 plugins.
Preloading 0 native plugins for Editor in 0.00 ms.
Unloading 1804 Unused Serialized files (Serialized files now loaded: 0)
System memory in use before: 84.8 MB.
System memory in use after: 84.8 MB.

Unloading 12 unused Assets to reduce memory usage. Loaded Objects now: 2259.
Total: 1.813600 ms (FindLiveObjects: 0.160500 ms CreateObjectMapping: 0.054000 ms MarkObjects: 1.470500 ms  DeleteObjects: 0.127600 ms)

========================================================================
Received Import Request.
  Time since last request: 306.913892 seconds.
  path: Assets/Scripts/Managers/GameManager.cs
  artifactKey: Guid(30b082781f48e144495f69d73bfa71d3) Importer(815301076,1909f56bfc062723c751e8b465ee728b)
Start importing Assets/Scripts/Managers/GameManager.cs using Guid(30b082781f48e144495f69d73bfa71d3) Importer(815301076,1909f56bfc062723c751e8b465ee728b)  -> (artifact id: 'fd18d5b31e6e977d12f3050725af43e1') in 0.003863 seconds
  Import took 0.014902 seconds .

========================================================================
Received Import Request.
  Time since last request: 53.979002 seconds.
  path: Assets/Scripts
  artifactKey: Guid(c4dde81be9c827945bc97d2a83332bf4) Importer(815301076,1909f56bfc062723c751e8b465ee728b)
Start importing Assets/Scripts using Guid(c4dde81be9c827945bc97d2a83332bf4) Importer(815301076,1909f56bfc062723c751e8b465ee728b)  -> (artifact id: '3ae296782f8e5402ce7cfca98be22d8e') in 0.007301 seconds
  Import took 0.025249 seconds .

========================================================================
Received Import Request.
  Time since last request: 11.112227 seconds.
  path: Assets/Scripts/Player.cs
  artifactKey: Guid(44e26d5229066c3418fe1233448bb2b0) Importer(815301076,1909f56bfc062723c751e8b465ee728b)
Start importing Assets/Scripts/Player.cs using Guid(44e26d5229066c3418fe1233448bb2b0) Importer(815301076,1909f56bfc062723c751e8b465ee728b)  -> (artifact id: 'e2b0358e16fb51712548c393842a6b5c') in 0.010208 seconds
  Import took 0.019045 seconds .

========================================================================
Received Prepare
Registering precompiled user dll's ...
Registered in 0.001079 seconds.
Begin MonoManager ReloadAssembly
Native extension for WindowsStandalone target not found
Native extension for WebGL target not found
Refreshing native plugins compatible for Editor in 0.31 ms, found 1 plugins.
Preloading 0 native plugins for Editor in 0.00 ms.
Mono: successfully reloaded assembly
- Completed reload, in  0.788 seconds
Platform modules already initialized, skipping
Refreshing native plugins compatible for Editor in 0.36 ms, found 1 plugins.
Preloading 0 native plugins for Editor in 0.00 ms.
Unloading 1805 Unused Serialized files (Serialized files now loaded: 0)
System memory in use before: 84.9 MB.
System memory in use after: 84.9 MB.

Unloading 12 unused Assets to reduce memory usage. Loaded Objects now: 2264.
Total: 1.686600 ms (FindLiveObjects: 0.208100 ms CreateObjectMapping: 0.063800 ms MarkObjects: 1.324700 ms  DeleteObjects: 0.089300 ms)

========================================================================
Received Import Request.
  Time since last request: 8.802768 seconds.
  path: Assets/Scripts/PlayerHandler.cs
  artifactKey: Guid(e142008215d95d84ca63f904eac3fb59) Importer(815301076,1909f56bfc062723c751e8b465ee728b)
Start importing Assets/Scripts/PlayerHandler.cs using Guid(e142008215d95d84ca63f904eac3fb59) Importer(815301076,1909f56bfc062723c751e8b465ee728b)  -> (artifact id: '4a08ff97cd3346f1c3ad34ecda7d3686') in 0.010712 seconds
  Import took 0.015383 seconds .

========================================================================
Received Prepare
Registering precompiled user dll's ...
Registered in 0.000860 seconds.
Begin MonoManager ReloadAssembly
Native extension for WindowsStandalone target not found
Native extension for WebGL target not found
Refreshing native plugins compatible for Editor in 0.31 ms, found 1 plugins.
Preloading 0 native plugins for Editor in 0.00 ms.
Mono: successfully reloaded assembly
- Completed reload, in  0.831 seconds
Platform modules already initialized, skipping
Refreshing native plugins compatible for Editor in 0.31 ms, found 1 plugins.
Preloading 0 native plugins for Editor in 0.00 ms.
Unloading 1806 Unused Serialized files (Serialized files now loaded: 0)
System memory in use before: 84.9 MB.
System memory in use after: 84.9 MB.

Unloading 12 unused Assets to reduce memory usage. Loaded Objects now: 2269.
Total: 1.746500 ms (FindLiveObjects: 0.148500 ms CreateObjectMapping: 0.054100 ms MarkObjects: 1.451600 ms  DeleteObjects: 0.091400 ms)

========================================================================
Received Import Request.
  Time since last request: 11.058013 seconds.
  path: Assets/Scripts/LevelHandler.cs
  artifactKey: Guid(c6511659ab6b47147a9eca5dd2d3d5eb) Importer(815301076,1909f56bfc062723c751e8b465ee728b)
Start importing Assets/Scripts/LevelHandler.cs using Guid(c6511659ab6b47147a9eca5dd2d3d5eb) Importer(815301076,1909f56bfc062723c751e8b465ee728b)  -> (artifact id: 'cde4b17ae81f7e6a1c4082e38bd5ec82') in 0.013072 seconds
  Import took 0.015597 seconds .

========================================================================
Received Prepare
Registering precompiled user dll's ...
Registered in 0.000911 seconds.
Begin MonoManager ReloadAssembly
Native extension for WindowsStandalone target not found
Native extension for WebGL target not found
Refreshing native plugins compatible for Editor in 0.32 ms, found 1 plugins.
Preloading 0 native plugins for Editor in 0.00 ms.
Mono: successfully reloaded assembly
- Completed reload, in  0.834 seconds
Platform modules already initialized, skipping
Refreshing native plugins compatible for Editor in 0.40 ms, found 1 plugins.
Preloading 0 native plugins for Editor in 0.00 ms.
Unloading 1807 Unused Serialized files (Serialized files now loaded: 0)
System memory in use before: 85.0 MB.
System memory in use after: 84.9 MB.

Unloading 12 unused Assets to reduce memory usage. Loaded Objects now: 2274.
Total: 1.787100 ms (FindLiveObjects: 0.175800 ms CreateObjectMapping: 0.067800 ms MarkObjects: 1.448300 ms  DeleteObjects: 0.094300 ms)

========================================================================
Received Prepare
Registering precompiled user dll's ...
Registered in 0.000923 seconds.
Begin MonoManager ReloadAssembly
Native extension for WindowsStandalone target not found
Native extension for WebGL target not found
Refreshing native plugins compatible for Editor in 0.32 ms, found 1 plugins.
Preloading 0 native plugins for Editor in 0.00 ms.
Mono: successfully reloaded assembly
- Completed reload, in  0.800 seconds
Platform modules already initialized, skipping
Refreshing native plugins compatible for Editor in 0.30 ms, found 1 plugins.
Preloading 0 native plugins for Editor in 0.00 ms.
Unloading 1806 Unused Serialized files (Serialized files now loaded: 0)
System memory in use before: 85.0 MB.
System memory in use after: 84.9 MB.

Unloading 13 unused Assets to reduce memory usage. Loaded Objects now: 2277.
Total: 1.834000 ms (FindLiveObjects: 0.170000 ms CreateObjectMapping: 0.064000 ms MarkObjects: 1.505500 ms  DeleteObjects: 0.090900 ms)

========================================================================
Received Import Request.
  Time since last request: 15.967639 seconds.
  path: Assets/Scripts/PlayerController.cs
  artifactKey: Guid(c3e5c1b0c191d42439e065b13604da37) Importer(815301076,1909f56bfc062723c751e8b465ee728b)
Start importing Assets/Scripts/PlayerController.cs using Guid(c3e5c1b0c191d42439e065b13604da37) Importer(815301076,1909f56bfc062723c751e8b465ee728b)  -> (artifact id: 'bbb6285553b036a492663f83bf916c91') in 0.009720 seconds
  Import took 0.022024 seconds .

========================================================================
Received Prepare
Registering precompiled user dll's ...
Registered in 0.000916 seconds.
Begin MonoManager ReloadAssembly
Native extension for WindowsStandalone target not found
Native extension for WebGL target not found
Refreshing native plugins compatible for Editor in 0.40 ms, found 1 plugins.
Preloading 0 native plugins for Editor in 0.00 ms.
Mono: successfully reloaded assembly
- Completed reload, in  0.842 seconds
Platform modules already initialized, skipping
Refreshing native plugins compatible for Editor in 0.30 ms, found 1 plugins.
Preloading 0 native plugins for Editor in 0.00 ms.
Unloading 1807 Unused Serialized files (Serialized files now loaded: 0)
System memory in use before: 85.0 MB.
System memory in use after: 85.0 MB.

Unloading 12 unused Assets to reduce memory usage. Loaded Objects now: 2282.
Total: 1.786600 ms (FindLiveObjects: 0.172000 ms CreateObjectMapping: 0.069200 ms MarkObjects: 1.455100 ms  DeleteObjects: 0.089400 ms)

========================================================================
Received Prepare
Registering precompiled user dll's ...
Registered in 0.000941 seconds.
Begin MonoManager ReloadAssembly
Native extension for WindowsStandalone target not found
Native extension for WebGL target not found
Refreshing native plugins compatible for Editor in 0.31 ms, found 1 plugins.
Preloading 0 native plugins for Editor in 0.00 ms.
Mono: successfully reloaded assembly
- Completed reload, in  0.773 seconds
Platform modules already initialized, skipping
Refreshing native plugins compatible for Editor in 0.31 ms, found 1 plugins.
Preloading 0 native plugins for Editor in 0.00 ms.
Unloading 1807 Unused Serialized files (Serialized files now loaded: 0)
System memory in use before: 85.0 MB.
System memory in use after: 85.0 MB.

Unloading 12 unused Assets to reduce memory usage. Loaded Objects now: 2286.
Total: 1.838700 ms (FindLiveObjects: 0.151200 ms CreateObjectMapping: 0.053100 ms MarkObjects: 1.540600 ms  DeleteObjects: 0.092900 ms)

========================================================================
Received Import Request.
  Time since last request: 628.295785 seconds.
  path: ProjectSettings/TagManager.asset
  artifactKey: Guid(00000000000000003000000000000000) Importer(815301076,1909f56bfc062723c751e8b465ee728b)
Start importing ProjectSettings/TagManager.asset using Guid(00000000000000003000000000000000) Importer(815301076,1909f56bfc062723c751e8b465ee728b)  -> (artifact id: '412dcb57b31f49cb50955ec4e4cd9f98') in 0.021295 seconds
  Import took 0.031257 seconds .

AssetImportWorkerClient::OnTransportError - code=2 error=End of file
