Using pre-set license
Built from '2020.3/staging' branch; Version is '2020.3.4f1 (0abb6314276a) revision 703331'; Using compiler version '192528614'; Build Type 'Release'
OS: 'Windows 10 Home; OS build 19041.1052; Version 2004; 64bit' Language: 'en' Physical Memory: 16299 MB
BatchMode: 1, IsHumanControllingUs: 0, StartBugReporterOnCrash: 0, Is64bit: 1, IsPro: 0

 COMMAND LINE ARGUMENTS:
C:\Program Files\Unity\2020.3.4f1\Editor\Unity.exe
-adb2
-batchMode
-noUpm
-name
AssetImportWorker0
-projectPath
F:/Documents/UnityProjects/GMTK-Jam-2021
-logFile
Logs/AssetImportWorker0.log
-srvPort
63110
Successfully changed project path to: F:/Documents/UnityProjects/GMTK-Jam-2021
F:/Documents/UnityProjects/GMTK-Jam-2021
Using Asset Import Pipeline V2.
Refreshing native plugins compatible for Editor in 33.60 ms, found 1 plugins.
Preloading 0 native plugins for Editor in 0.00 ms.
Initialize engine version: 2020.3.4f1 (0abb6314276a)
[Subsystems] Discovering subsystems at path C:/Program Files/Unity/2020.3.4f1/Editor/Data/Resources/UnitySubsystems
[Subsystems] Discovering subsystems at path F:/Documents/UnityProjects/GMTK-Jam-2021/Assets
GfxDevice: creating device client; threaded=0
Direct3D:
    Version:  Direct3D 11.0 [level 11.1]
    Renderer: NVIDIA GeForce GTX 960 (ID=0x1401)
    Vendor:   
    VRAM:     4053 MB
    Driver:   27.21.14.6663
Initialize mono
Mono path[0] = 'C:/Program Files/Unity/2020.3.4f1/Editor/Data/Managed'
Mono path[1] = 'C:/Program Files/Unity/2020.3.4f1/Editor/Data/MonoBleedingEdge/lib/mono/unityjit'
Mono config path = 'C:/Program Files/Unity/2020.3.4f1/Editor/Data/MonoBleedingEdge/etc'
Using monoOptions --debugger-agent=transport=dt_socket,embedding=1,server=y,suspend=n,address=127.0.0.1:56416
Begin MonoManager ReloadAssembly
Registering precompiled unity dll's ...
Register platform support module: C:/Program Files/Unity/2020.3.4f1/Editor/Data/PlaybackEngines/WebGLSupport/UnityEditor.WebGL.Extensions.dll
Register platform support module: C:/Program Files/Unity/2020.3.4f1/Editor/Data/PlaybackEngines/WindowsStandaloneSupport/UnityEditor.WindowsStandalone.Extensions.dll
Registered in 0.002141 seconds.
Native extension for WindowsStandalone target not found
Native extension for WebGL target not found
Refreshing native plugins compatible for Editor in 31.52 ms, found 1 plugins.
Preloading 0 native plugins for Editor in 0.00 ms.
Mono: successfully reloaded assembly
- Completed reload, in  1.986 seconds
Platform modules already initialized, skipping
Registering precompiled user dll's ...
Registered in 0.000817 seconds.
Begin MonoManager ReloadAssembly
Native extension for WindowsStandalone target not found
Native extension for WebGL target not found
Refreshing native plugins compatible for Editor in 31.01 ms, found 1 plugins.
Preloading 0 native plugins for Editor in 0.00 ms.
Mono: successfully reloaded assembly
- Completed reload, in  0.824 seconds
Platform modules already initialized, skipping
========================================================================
Worker process is ready to serve import requests
Launched and connected shader compiler UnityShaderCompiler.exe after 0.04 seconds
Refreshing native plugins compatible for Editor in 0.31 ms, found 1 plugins.
Preloading 0 native plugins for Editor in 0.00 ms.
Unloading 1839 Unused Serialized files (Serialized files now loaded: 0)
System memory in use before: 87.8 MB.
System memory in use after: 87.8 MB.

Unloading 23 unused Assets to reduce memory usage. Loaded Objects now: 2287.
Total: 1.912500 ms (FindLiveObjects: 0.158900 ms CreateObjectMapping: 0.063300 ms MarkObjects: 1.587600 ms  DeleteObjects: 0.101800 ms)

========================================================================
Received Prepare
Registering precompiled user dll's ...
Registered in 0.000883 seconds.
Begin MonoManager ReloadAssembly
Native extension for WindowsStandalone target not found
Native extension for WebGL target not found
Refreshing native plugins compatible for Editor in 0.33 ms, found 1 plugins.
Preloading 0 native plugins for Editor in 0.00 ms.
Mono: successfully reloaded assembly
- Completed reload, in  0.767 seconds
Platform modules already initialized, skipping
Refreshing native plugins compatible for Editor in 0.32 ms, found 1 plugins.
Preloading 0 native plugins for Editor in 0.00 ms.
Unloading 1820 Unused Serialized files (Serialized files now loaded: 0)
System memory in use before: 86.4 MB.
System memory in use after: 86.4 MB.

Unloading 12 unused Assets to reduce memory usage. Loaded Objects now: 2291.
Total: 1.725800 ms (FindLiveObjects: 0.153300 ms CreateObjectMapping: 0.054900 ms MarkObjects: 1.428700 ms  DeleteObjects: 0.088100 ms)

========================================================================
Received Prepare
Registering precompiled user dll's ...
Registered in 0.000907 seconds.
Begin MonoManager ReloadAssembly
Native extension for WindowsStandalone target not found
Native extension for WebGL target not found
Refreshing native plugins compatible for Editor in 0.34 ms, found 1 plugins.
Preloading 0 native plugins for Editor in 0.00 ms.
Mono: successfully reloaded assembly
- Completed reload, in  0.776 seconds
Platform modules already initialized, skipping
Refreshing native plugins compatible for Editor in 0.34 ms, found 1 plugins.
Preloading 0 native plugins for Editor in 0.00 ms.
Unloading 1820 Unused Serialized files (Serialized files now loaded: 0)
System memory in use before: 86.5 MB.
System memory in use after: 86.4 MB.

Unloading 12 unused Assets to reduce memory usage. Loaded Objects now: 2295.
Total: 1.759300 ms (FindLiveObjects: 0.149200 ms CreateObjectMapping: 0.054200 ms MarkObjects: 1.464900 ms  DeleteObjects: 0.090200 ms)

========================================================================
Received Import Request.
  path: Assets/Resources/kenney_fontpackage/Fonts/Kenney Pixel.ttf
  artifactKey: Guid(43d926dec83897441a0e8807f143f5f4) Importer(815301076,1909f56bfc062723c751e8b465ee728b)
Start importing Assets/Resources/kenney_fontpackage/Fonts/Kenney Pixel.ttf using Guid(43d926dec83897441a0e8807f143f5f4) Importer(815301076,1909f56bfc062723c751e8b465ee728b)  -> (artifact id: '1e66ca007b08ce3a4c6e5ece3475b194') in 0.120706 seconds
  Import took 0.136586 seconds .

========================================================================
Received Import Request.
  Time since last request: 0.000251 seconds.
  path: Assets/Resources/kenney_fontpackage/Fonts/Kenney Rocket Square.ttf
  artifactKey: Guid(40e8bfb891b7f234eab9b33a21458d66) Importer(815301076,1909f56bfc062723c751e8b465ee728b)
Start importing Assets/Resources/kenney_fontpackage/Fonts/Kenney Rocket Square.ttf using Guid(40e8bfb891b7f234eab9b33a21458d66) Importer(815301076,1909f56bfc062723c751e8b465ee728b)  -> (artifact id: 'a409fb3469bb7548487e93944f140156') in 0.011245 seconds
  Import took 0.013804 seconds .

========================================================================
Received Import Request.
  Time since last request: 0.000201 seconds.
  path: Assets/Resources/kenney_fontpackage/Fonts/Kenney Rocket.ttf
  artifactKey: Guid(aeb799cad4e13cf48b383f617b3351ba) Importer(815301076,1909f56bfc062723c751e8b465ee728b)
Start importing Assets/Resources/kenney_fontpackage/Fonts/Kenney Rocket.ttf using Guid(aeb799cad4e13cf48b383f617b3351ba) Importer(815301076,1909f56bfc062723c751e8b465ee728b)  -> (artifact id: '1565edd14a5f588785533412f3b642ac') in 0.012141 seconds
  Import took 0.014761 seconds .

========================================================================
Received Import Request.
  Time since last request: 0.000204 seconds.
  path: Assets/Resources/kenney_fontpackage/Fonts/Kenney Pixel.ttf
  artifactKey: Guid(43d926dec83897441a0e8807f143f5f4) Importer(815301076,1909f56bfc062723c751e8b465ee728b)
Start importing Assets/Resources/kenney_fontpackage/Fonts/Kenney Pixel.ttf using Guid(43d926dec83897441a0e8807f143f5f4) Importer(815301076,1909f56bfc062723c751e8b465ee728b)  -> (artifact id: '1e66ca007b08ce3a4c6e5ece3475b194') in 0.008356 seconds
  Import took 0.011136 seconds .

========================================================================
Received Import Request.
  Time since last request: 0.000261 seconds.
  path: Assets/TextMesh Pro/Fonts/LiberationSans.ttf
  artifactKey: Guid(e3265ab4bf004d28a9537516768c1c75) Importer(815301076,1909f56bfc062723c751e8b465ee728b)
Start importing Assets/TextMesh Pro/Fonts/LiberationSans.ttf using Guid(e3265ab4bf004d28a9537516768c1c75) Importer(815301076,1909f56bfc062723c751e8b465ee728b)  -> (artifact id: '9b981ba84ad41e82821bbdec678e654f') in 0.012335 seconds
  Import took 0.015085 seconds .

========================================================================
Received Import Request.
  Time since last request: 0.000255 seconds.
  path: Assets/Resources/kenney_fontpackage/Fonts/Kenney Rocket.ttf
  artifactKey: Guid(aeb799cad4e13cf48b383f617b3351ba) Importer(815301076,1909f56bfc062723c751e8b465ee728b)
Start importing Assets/Resources/kenney_fontpackage/Fonts/Kenney Rocket.ttf using Guid(aeb799cad4e13cf48b383f617b3351ba) Importer(815301076,1909f56bfc062723c751e8b465ee728b)  -> (artifact id: '1565edd14a5f588785533412f3b642ac') in 0.006551 seconds
  Import took 0.009631 seconds .

========================================================================
Received Import Request.
  Time since last request: 0.014503 seconds.
  path: Assets/TextMesh Pro/Fonts/LiberationSans.ttf
  artifactKey: Guid(e3265ab4bf004d28a9537516768c1c75) Importer(815301076,1909f56bfc062723c751e8b465ee728b)
Start importing Assets/TextMesh Pro/Fonts/LiberationSans.ttf using Guid(e3265ab4bf004d28a9537516768c1c75) Importer(815301076,1909f56bfc062723c751e8b465ee728b)  -> (artifact id: '9b981ba84ad41e82821bbdec678e654f') in 0.007336 seconds
  Import took 0.010117 seconds .

========================================================================
Received Import Request.
  Time since last request: 953.175795 seconds.
  path: Assets/_Scenes/Levels/Level_01.unity
  artifactKey: Guid(bc01ac4d1cf32d54fa7e1e15ee2185a2) Importer(815301076,1909f56bfc062723c751e8b465ee728b)
Start importing Assets/_Scenes/Levels/Level_01.unity using Guid(bc01ac4d1cf32d54fa7e1e15ee2185a2) Importer(815301076,1909f56bfc062723c751e8b465ee728b)  -> (artifact id: 'fbd9fc3333e868a649f4f096e3ff5ef4') in 0.008897 seconds
  Import took 0.012451 seconds .

========================================================================
Received Import Request.
  Time since last request: 1.250542 seconds.
  path: Assets/_Scenes/Levels/Level_01 1.unity
  artifactKey: Guid(2039861283d4f6845b953a92fc7c2882) Importer(815301076,1909f56bfc062723c751e8b465ee728b)
Start importing Assets/_Scenes/Levels/Level_01 1.unity using Guid(2039861283d4f6845b953a92fc7c2882) Importer(815301076,1909f56bfc062723c751e8b465ee728b)  -> (artifact id: 'a7cd7b1082980625e66eaf15c9cd2a86') in 0.007516 seconds
  Import took 0.010151 seconds .

========================================================================
Received Import Request.
  Time since last request: 9.702844 seconds.
  path: Assets/_Scenes/Levels/Level_02.unity
  artifactKey: Guid(2039861283d4f6845b953a92fc7c2882) Importer(815301076,1909f56bfc062723c751e8b465ee728b)
Start importing Assets/_Scenes/Levels/Level_02.unity using Guid(2039861283d4f6845b953a92fc7c2882) Importer(815301076,1909f56bfc062723c751e8b465ee728b)  -> (artifact id: 'ac9095bdc0691bf374f73eae64bbe0b7') in 0.008285 seconds
  Import took 0.011519 seconds .

========================================================================
Received Prepare
Registering precompiled user dll's ...
Registered in 0.000880 seconds.
Begin MonoManager ReloadAssembly
Native extension for WindowsStandalone target not found
Native extension for WebGL target not found
Refreshing native plugins compatible for Editor in 0.33 ms, found 1 plugins.
Preloading 0 native plugins for Editor in 0.00 ms.
Mono: successfully reloaded assembly
- Completed reload, in  0.768 seconds
Platform modules already initialized, skipping
Refreshing native plugins compatible for Editor in 0.32 ms, found 1 plugins.
Preloading 0 native plugins for Editor in 0.00 ms.
Unloading 1820 Unused Serialized files (Serialized files now loaded: 0)
System memory in use before: 89.9 MB.
System memory in use after: 89.9 MB.

Unloading 12 unused Assets to reduce memory usage. Loaded Objects now: 2343.
Total: 1.746300 ms (FindLiveObjects: 0.159200 ms CreateObjectMapping: 0.056600 ms MarkObjects: 1.440000 ms  DeleteObjects: 0.089800 ms)

========================================================================
Received Prepare
Registering precompiled user dll's ...
Registered in 0.000968 seconds.
Begin MonoManager ReloadAssembly
Native extension for WindowsStandalone target not found
Native extension for WebGL target not found
Refreshing native plugins compatible for Editor in 0.32 ms, found 1 plugins.
Preloading 0 native plugins for Editor in 0.00 ms.
Mono: successfully reloaded assembly
- Completed reload, in  0.799 seconds
Platform modules already initialized, skipping
Refreshing native plugins compatible for Editor in 0.32 ms, found 1 plugins.
Preloading 0 native plugins for Editor in 0.00 ms.
Unloading 1820 Unused Serialized files (Serialized files now loaded: 0)
System memory in use before: 89.9 MB.
System memory in use after: 89.9 MB.

Unloading 12 unused Assets to reduce memory usage. Loaded Objects now: 2347.
Total: 1.831700 ms (FindLiveObjects: 0.153300 ms CreateObjectMapping: 0.052800 ms MarkObjects: 1.529200 ms  DeleteObjects: 0.095700 ms)

========================================================================
Received Prepare
Registering precompiled user dll's ...
Registered in 0.001050 seconds.
Begin MonoManager ReloadAssembly
Native extension for WindowsStandalone target not found
Native extension for WebGL target not found
Refreshing native plugins compatible for Editor in 0.32 ms, found 1 plugins.
Preloading 0 native plugins for Editor in 0.00 ms.
Mono: successfully reloaded assembly
- Completed reload, in  0.773 seconds
Platform modules already initialized, skipping
Refreshing native plugins compatible for Editor in 0.42 ms, found 1 plugins.
Preloading 0 native plugins for Editor in 0.00 ms.
Unloading 1820 Unused Serialized files (Serialized files now loaded: 0)
System memory in use before: 89.9 MB.
System memory in use after: 89.9 MB.

Unloading 12 unused Assets to reduce memory usage. Loaded Objects now: 2351.
Total: 1.840600 ms (FindLiveObjects: 0.152600 ms CreateObjectMapping: 0.061800 ms MarkObjects: 1.493300 ms  DeleteObjects: 0.132100 ms)

========================================================================
Received Prepare
Registering precompiled user dll's ...
Registered in 0.000869 seconds.
Begin MonoManager ReloadAssembly
Native extension for WindowsStandalone target not found
Native extension for WebGL target not found
Refreshing native plugins compatible for Editor in 0.32 ms, found 1 plugins.
Preloading 0 native plugins for Editor in 0.00 ms.
Mono: successfully reloaded assembly
- Completed reload, in  0.748 seconds
Platform modules already initialized, skipping
Refreshing native plugins compatible for Editor in 0.33 ms, found 1 plugins.
Preloading 0 native plugins for Editor in 0.00 ms.
Unloading 1820 Unused Serialized files (Serialized files now loaded: 0)
System memory in use before: 90.0 MB.
System memory in use after: 89.9 MB.

Unloading 12 unused Assets to reduce memory usage. Loaded Objects now: 2355.
Total: 1.839200 ms (FindLiveObjects: 0.178200 ms CreateObjectMapping: 0.056400 ms MarkObjects: 1.508700 ms  DeleteObjects: 0.095100 ms)

========================================================================
Received Prepare
Registering precompiled user dll's ...
Registered in 0.000923 seconds.
Begin MonoManager ReloadAssembly
Native extension for WindowsStandalone target not found
Native extension for WebGL target not found
Refreshing native plugins compatible for Editor in 0.32 ms, found 1 plugins.
Preloading 0 native plugins for Editor in 0.00 ms.
Mono: successfully reloaded assembly
- Completed reload, in  0.789 seconds
Platform modules already initialized, skipping
Refreshing native plugins compatible for Editor in 0.35 ms, found 1 plugins.
Preloading 0 native plugins for Editor in 0.00 ms.
Unloading 1820 Unused Serialized files (Serialized files now loaded: 0)
System memory in use before: 90.0 MB.
System memory in use after: 89.9 MB.

Unloading 12 unused Assets to reduce memory usage. Loaded Objects now: 2359.
Total: 1.769800 ms (FindLiveObjects: 0.178200 ms CreateObjectMapping: 0.065500 ms MarkObjects: 1.431400 ms  DeleteObjects: 0.093800 ms)

========================================================================
Received Prepare
Registering precompiled user dll's ...
Registered in 0.000890 seconds.
Begin MonoManager ReloadAssembly
Native extension for WindowsStandalone target not found
Native extension for WebGL target not found
Refreshing native plugins compatible for Editor in 0.32 ms, found 1 plugins.
Preloading 0 native plugins for Editor in 0.00 ms.
Mono: successfully reloaded assembly
- Completed reload, in  0.768 seconds
Platform modules already initialized, skipping
Refreshing native plugins compatible for Editor in 0.32 ms, found 1 plugins.
Preloading 0 native plugins for Editor in 0.00 ms.
Unloading 1820 Unused Serialized files (Serialized files now loaded: 0)
System memory in use before: 90.0 MB.
System memory in use after: 89.9 MB.

Unloading 12 unused Assets to reduce memory usage. Loaded Objects now: 2363.
Total: 1.809100 ms (FindLiveObjects: 0.188400 ms CreateObjectMapping: 0.068700 ms MarkObjects: 1.457800 ms  DeleteObjects: 0.093300 ms)

========================================================================
Received Prepare
Registering precompiled user dll's ...
Registered in 0.000889 seconds.
Begin MonoManager ReloadAssembly
Native extension for WindowsStandalone target not found
Native extension for WebGL target not found
Refreshing native plugins compatible for Editor in 0.33 ms, found 1 plugins.
Preloading 0 native plugins for Editor in 0.00 ms.
Mono: successfully reloaded assembly
- Completed reload, in  0.759 seconds
Platform modules already initialized, skipping
Refreshing native plugins compatible for Editor in 0.33 ms, found 1 plugins.
Preloading 0 native plugins for Editor in 0.00 ms.
Unloading 1820 Unused Serialized files (Serialized files now loaded: 0)
System memory in use before: 90.0 MB.
System memory in use after: 90.0 MB.

Unloading 12 unused Assets to reduce memory usage. Loaded Objects now: 2367.
Total: 1.827300 ms (FindLiveObjects: 0.174000 ms CreateObjectMapping: 0.058600 ms MarkObjects: 1.499800 ms  DeleteObjects: 0.094000 ms)

========================================================================
Received Prepare
Registering precompiled user dll's ...
Registered in 0.000874 seconds.
Begin MonoManager ReloadAssembly
Native extension for WindowsStandalone target not found
Native extension for WebGL target not found
Refreshing native plugins compatible for Editor in 0.33 ms, found 1 plugins.
Preloading 0 native plugins for Editor in 0.00 ms.
Mono: successfully reloaded assembly
- Completed reload, in  0.779 seconds
Platform modules already initialized, skipping
Refreshing native plugins compatible for Editor in 0.32 ms, found 1 plugins.
Preloading 0 native plugins for Editor in 0.00 ms.
Unloading 1820 Unused Serialized files (Serialized files now loaded: 0)
System memory in use before: 90.0 MB.
System memory in use after: 90.0 MB.

Unloading 12 unused Assets to reduce memory usage. Loaded Objects now: 2371.
Total: 1.909600 ms (FindLiveObjects: 0.196300 ms CreateObjectMapping: 0.072800 ms MarkObjects: 1.541700 ms  DeleteObjects: 0.097900 ms)

========================================================================
Received Prepare
Registering precompiled user dll's ...
Registered in 0.000891 seconds.
Begin MonoManager ReloadAssembly
Native extension for WindowsStandalone target not found
Native extension for WebGL target not found
Refreshing native plugins compatible for Editor in 0.32 ms, found 1 plugins.
Preloading 0 native plugins for Editor in 0.00 ms.
Mono: successfully reloaded assembly
- Completed reload, in  0.760 seconds
Platform modules already initialized, skipping
Refreshing native plugins compatible for Editor in 0.32 ms, found 1 plugins.
Preloading 0 native plugins for Editor in 0.00 ms.
Unloading 1820 Unused Serialized files (Serialized files now loaded: 0)
System memory in use before: 90.0 MB.
System memory in use after: 89.9 MB.

Unloading 12 unused Assets to reduce memory usage. Loaded Objects now: 2375.
Total: 1.976600 ms (FindLiveObjects: 0.208000 ms CreateObjectMapping: 0.071100 ms MarkObjects: 1.594700 ms  DeleteObjects: 0.102100 ms)

========================================================================
Received Prepare
Registering precompiled user dll's ...
Registered in 0.001048 seconds.
Begin MonoManager ReloadAssembly
Native extension for WindowsStandalone target not found
Native extension for WebGL target not found
Refreshing native plugins compatible for Editor in 0.34 ms, found 1 plugins.
Preloading 0 native plugins for Editor in 0.00 ms.
Mono: successfully reloaded assembly
- Completed reload, in  0.772 seconds
Platform modules already initialized, skipping
Refreshing native plugins compatible for Editor in 0.32 ms, found 1 plugins.
Preloading 0 native plugins for Editor in 0.00 ms.
Unloading 1820 Unused Serialized files (Serialized files now loaded: 0)
System memory in use before: 90.0 MB.
System memory in use after: 90.0 MB.

Unloading 12 unused Assets to reduce memory usage. Loaded Objects now: 2379.
Total: 1.983800 ms (FindLiveObjects: 0.171000 ms CreateObjectMapping: 0.061300 ms MarkObjects: 1.657800 ms  DeleteObjects: 0.093100 ms)

========================================================================
Received Prepare
Registering precompiled user dll's ...
Registered in 0.000958 seconds.
Begin MonoManager ReloadAssembly
Native extension for WindowsStandalone target not found
Native extension for WebGL target not found
Refreshing native plugins compatible for Editor in 0.33 ms, found 1 plugins.
Preloading 0 native plugins for Editor in 0.00 ms.
Mono: successfully reloaded assembly
- Completed reload, in  0.775 seconds
Platform modules already initialized, skipping
Refreshing native plugins compatible for Editor in 0.34 ms, found 1 plugins.
Preloading 0 native plugins for Editor in 0.00 ms.
Unloading 1820 Unused Serialized files (Serialized files now loaded: 0)
System memory in use before: 90.0 MB.
System memory in use after: 90.0 MB.

Unloading 12 unused Assets to reduce memory usage. Loaded Objects now: 2383.
Total: 1.840100 ms (FindLiveObjects: 0.179700 ms CreateObjectMapping: 0.056100 ms MarkObjects: 1.506600 ms  DeleteObjects: 0.096900 ms)

========================================================================
Received Import Request.
  Time since last request: 513.611508 seconds.
  path: Assets/_Scenes/Levels/Level_02.unity
  artifactKey: Guid(2039861283d4f6845b953a92fc7c2882) Importer(815301076,1909f56bfc062723c751e8b465ee728b)
Start importing Assets/_Scenes/Levels/Level_02.unity using Guid(2039861283d4f6845b953a92fc7c2882) Importer(815301076,1909f56bfc062723c751e8b465ee728b)  -> (artifact id: '47e21007528ec94a84e497c2efdbed9e') in 0.011443 seconds
  Import took 0.014196 seconds .

========================================================================
Received Import Request.
  Time since last request: 133.344228 seconds.
  path: Assets/_Scenes/Levels/Level_02.unity
  artifactKey: Guid(2039861283d4f6845b953a92fc7c2882) Importer(815301076,1909f56bfc062723c751e8b465ee728b)
Start importing Assets/_Scenes/Levels/Level_02.unity using Guid(2039861283d4f6845b953a92fc7c2882) Importer(815301076,1909f56bfc062723c751e8b465ee728b)  -> (artifact id: '12474898765c068a8cbc4ca5c7214b5a') in 0.002838 seconds
  Import took 0.006344 seconds .

========================================================================
Received Import Request.
  Time since last request: 45.945576 seconds.
  path: Assets/_Scenes/Levels/Level_02 1.unity
  artifactKey: Guid(5bb445b7a31fe724283c892b01c58345) Importer(815301076,1909f56bfc062723c751e8b465ee728b)
Start importing Assets/_Scenes/Levels/Level_02 1.unity using Guid(5bb445b7a31fe724283c892b01c58345) Importer(815301076,1909f56bfc062723c751e8b465ee728b)  -> (artifact id: '500f4e0f4c3018f18e4ed3b6136c19bd') in 0.008346 seconds
  Import took 0.011027 seconds .

========================================================================
Received Import Request.
  Time since last request: 12.925878 seconds.
  path: Assets/_Scenes/Levels/Level_03.unity
  artifactKey: Guid(5bb445b7a31fe724283c892b01c58345) Importer(815301076,1909f56bfc062723c751e8b465ee728b)
Start importing Assets/_Scenes/Levels/Level_03.unity using Guid(5bb445b7a31fe724283c892b01c58345) Importer(815301076,1909f56bfc062723c751e8b465ee728b)  -> (artifact id: '0b85e813148086b1dcbb089bcc07627a') in 0.007929 seconds
  Import took 0.011155 seconds .

========================================================================
Received Prepare
Registering precompiled user dll's ...
Registered in 0.000954 seconds.
Begin MonoManager ReloadAssembly
Native extension for WindowsStandalone target not found
Native extension for WebGL target not found
Refreshing native plugins compatible for Editor in 0.32 ms, found 1 plugins.
Preloading 0 native plugins for Editor in 0.00 ms.
Mono: successfully reloaded assembly
- Completed reload, in  0.765 seconds
Platform modules already initialized, skipping
Refreshing native plugins compatible for Editor in 0.33 ms, found 1 plugins.
Preloading 0 native plugins for Editor in 0.00 ms.
Unloading 1820 Unused Serialized files (Serialized files now loaded: 0)
System memory in use before: 90.0 MB.
System memory in use after: 90.0 MB.

Unloading 12 unused Assets to reduce memory usage. Loaded Objects now: 2387.
Total: 1.790900 ms (FindLiveObjects: 0.167000 ms CreateObjectMapping: 0.057800 ms MarkObjects: 1.468900 ms  DeleteObjects: 0.096100 ms)

========================================================================
Received Prepare
Registering precompiled user dll's ...
Registered in 0.000859 seconds.
Begin MonoManager ReloadAssembly
Native extension for WindowsStandalone target not found
Native extension for WebGL target not found
Refreshing native plugins compatible for Editor in 0.32 ms, found 1 plugins.
Preloading 0 native plugins for Editor in 0.00 ms.
Mono: successfully reloaded assembly
- Completed reload, in  0.774 seconds
Platform modules already initialized, skipping
Refreshing native plugins compatible for Editor in 0.35 ms, found 1 plugins.
Preloading 0 native plugins for Editor in 0.00 ms.
Unloading 1820 Unused Serialized files (Serialized files now loaded: 0)
System memory in use before: 90.0 MB.
System memory in use after: 90.0 MB.

Unloading 12 unused Assets to reduce memory usage. Loaded Objects now: 2391.
Total: 1.787500 ms (FindLiveObjects: 0.163600 ms CreateObjectMapping: 0.056300 ms MarkObjects: 1.473900 ms  DeleteObjects: 0.092500 ms)

========================================================================
Received Prepare
Registering precompiled user dll's ...
Registered in 0.000866 seconds.
Begin MonoManager ReloadAssembly
Native extension for WindowsStandalone target not found
Native extension for WebGL target not found
Refreshing native plugins compatible for Editor in 0.33 ms, found 1 plugins.
Preloading 0 native plugins for Editor in 0.00 ms.
Mono: successfully reloaded assembly
- Completed reload, in  0.759 seconds
Platform modules already initialized, skipping
Refreshing native plugins compatible for Editor in 0.33 ms, found 1 plugins.
Preloading 0 native plugins for Editor in 0.00 ms.
Unloading 1820 Unused Serialized files (Serialized files now loaded: 0)
System memory in use before: 90.0 MB.
System memory in use after: 90.0 MB.

Unloading 12 unused Assets to reduce memory usage. Loaded Objects now: 2395.
Total: 2.094200 ms (FindLiveObjects: 0.264000 ms CreateObjectMapping: 0.058700 ms MarkObjects: 1.623000 ms  DeleteObjects: 0.131200 ms)

========================================================================
Received Prepare
Registering precompiled user dll's ...
Registered in 0.000863 seconds.
Begin MonoManager ReloadAssembly
Native extension for WindowsStandalone target not found
Native extension for WebGL target not found
Refreshing native plugins compatible for Editor in 0.32 ms, found 1 plugins.
Preloading 0 native plugins for Editor in 0.00 ms.
Mono: successfully reloaded assembly
- Completed reload, in  0.742 seconds
Platform modules already initialized, skipping
Refreshing native plugins compatible for Editor in 0.36 ms, found 1 plugins.
Preloading 0 native plugins for Editor in 0.00 ms.
Unloading 1820 Unused Serialized files (Serialized files now loaded: 0)
System memory in use before: 90.1 MB.
System memory in use after: 90.0 MB.

Unloading 12 unused Assets to reduce memory usage. Loaded Objects now: 2399.
Total: 1.992600 ms (FindLiveObjects: 0.270100 ms CreateObjectMapping: 0.076400 ms MarkObjects: 1.546600 ms  DeleteObjects: 0.098700 ms)

========================================================================
Received Import Request.
  Time since last request: 406.144211 seconds.
  path: Assets/_Scenes/Levels/Level_03.unity
  artifactKey: Guid(5bb445b7a31fe724283c892b01c58345) Importer(815301076,1909f56bfc062723c751e8b465ee728b)
Start importing Assets/_Scenes/Levels/Level_03.unity using Guid(5bb445b7a31fe724283c892b01c58345) Importer(815301076,1909f56bfc062723c751e8b465ee728b)  -> (artifact id: 'a83019a7afa1b88ce1ee975b2b96fe25') in 0.010884 seconds
  Import took 0.013604 seconds .

========================================================================
Received Import Request.
  Time since last request: 0.000556 seconds.
  path: Assets/_Scenes/Levels/Level_03.unity
  artifactKey: Guid(5bb445b7a31fe724283c892b01c58345) Importer(815301076,1909f56bfc062723c751e8b465ee728b)
Start importing Assets/_Scenes/Levels/Level_03.unity using Guid(5bb445b7a31fe724283c892b01c58345) Importer(815301076,1909f56bfc062723c751e8b465ee728b)  -> (artifact id: 'a83019a7afa1b88ce1ee975b2b96fe25') in 0.002769 seconds
  Import took 0.005730 seconds .

AssetImportWorkerClient::OnTransportError - code=2 error=End of file
